<html>
<head>
<title>TestNG:  Surefire test</title>
<link href="../testng.css" rel="stylesheet" type="text/css" />
<link href="../my-testng.css" rel="stylesheet" type="text/css" />

<style type="text/css">
.log { display: none;} 
.stack-trace { display: none;} 
</style>
<script type="text/javascript">
<!--
function flip(e) {
  current = e.style.display;
  if (current == 'block') {
    e.style.display = 'none';
    return 0;
  }
  else {
    e.style.display = 'block';
    return 1;
  }
}

function toggleBox(szDivId, elem, msg1, msg2)
{
  var res = -1;  if (document.getElementById) {
    res = flip(document.getElementById(szDivId));
  }
  else if (document.all) {
    // this is the way old msie versions work
    res = flip(document.all[szDivId]);
  }
  if(elem) {
    if(res == 0) elem.innerHTML = msg1; else elem.innerHTML = msg2;
  }

}

function toggleAllBoxes() {
  if (document.getElementsByTagName) {
    d = document.getElementsByTagName('div');
    for (i = 0; i < d.length; i++) {
      if (d[i].className == 'log') {
        flip(d[i]);
      }
    }
  }
}

// -->
</script>

</head>
<body>
<h2 align='center'>Surefire test</h2><table border='1' align="center">
<tr>
<td>Tests passed/Failed/Skipped:</td><td>0/0/8</td>
</tr><tr>
<td>Started on:</td><td>Sat Apr 24 14:26:09 IST 2021</td>
</tr>
<tr><td>Total time:</td><td>0 seconds (49 ms)</td>
</tr><tr>
<td>Included groups:</td><td></td>
</tr><tr>
<td>Excluded groups:</td><td></td>
</tr>
</table><p/>
<small><i>(Hover the method name to see the test class name)</i></small><p/>
<table width='100%' border='1' class='invocation-failed'>
<tr><td colspan='4' align='center'><b>FAILED CONFIGURATIONS</b></td></tr>
<tr><td><b>Test method</b></td>
<td width="30%"><b>Exception</b></td>
<td width="10%"><b>Time (seconds)</b></td>
<td><b>Instance</b></td>
</tr>
<tr>
<td title='QualityKiosksTraining.CalculatorAPI.TestMultiplication.CreateResultFolder()'><b>CreateResultFolder</b><br>Test class: QualityKiosksTraining.CalculatorAPI.TestMultiplication</td>
<td><div><pre>org.testng.TestNGException: 
Parameter &apos;RequestID&apos; is required by BeforeSuite on method CreateResultFolder but has not been marked @Optional or defined

... Removed 21 stack frames</pre></div><a href='#' onClick='toggleBox("stack-trace592959754", this, "Click to show all stack frames", "Click to hide stack frames")'>Click to show all stack frames</a>
<div class='stack-trace' id='stack-trace592959754'><pre>org.testng.TestNGException: 
Parameter &apos;RequestID&apos; is required by BeforeSuite on method CreateResultFolder but has not been marked @Optional or defined

	at org.testng.internal.Parameters.createParams(Parameters.java:270)
	at org.testng.internal.Parameters.createParametersForMethod(Parameters.java:358)
	at org.testng.internal.Parameters.createParameters(Parameters.java:700)
	at org.testng.internal.Parameters.createConfigurationParameters(Parameters.java:168)
	at org.testng.internal.ConfigInvoker.invokeConfigurations(ConfigInvoker.java:302)
	at org.testng.SuiteRunner.privateRun(SuiteRunner.java:317)
	at org.testng.SuiteRunner.run(SuiteRunner.java:276)
	at org.testng.SuiteRunnerWorker.runSuite(SuiteRunnerWorker.java:53)
	at org.testng.SuiteRunnerWorker.run(SuiteRunnerWorker.java:96)
	at org.testng.TestNG.runSuitesSequentially(TestNG.java:1212)
	at org.testng.TestNG.runSuitesLocally(TestNG.java:1134)
	at org.testng.TestNG.runSuites(TestNG.java:1063)
	at org.testng.TestNG.run(TestNG.java:1031)
	at org.apache.maven.surefire.testng.TestNGExecutor.run(TestNGExecutor.java:135)
	at org.apache.maven.surefire.testng.TestNGDirectoryTestSuite.executeMulti(TestNGDirectoryTestSuite.java:193)
	at org.apache.maven.surefire.testng.TestNGDirectoryTestSuite.execute(TestNGDirectoryTestSuite.java:94)
	at org.apache.maven.surefire.testng.TestNGProvider.invoke(TestNGProvider.java:146)
	at org.apache.maven.surefire.booter.ForkedBooter.invokeProviderInSameClassLoader(ForkedBooter.java:384)
	at org.apache.maven.surefire.booter.ForkedBooter.runSuitesInProcess(ForkedBooter.java:345)
	at org.apache.maven.surefire.booter.ForkedBooter.execute(ForkedBooter.java:126)
	at org.apache.maven.surefire.booter.ForkedBooter.main(ForkedBooter.java:418)
</pre></div></td>
<td>-1619254569</td>
<td>QualityKiosksTraining.CalculatorAPI.TestMultiplication@1176dcec</td></tr>
</table><p>
<table width='100%' border='1' class='invocation-skipped'>
<tr><td colspan='4' align='center'><b>SKIPPED CONFIGURATIONS</b></td></tr>
<tr><td><b>Test method</b></td>
<td width="30%"><b>Exception</b></td>
<td width="10%"><b>Time (seconds)</b></td>
<td><b>Instance</b></td>
</tr>
<tr>
<td title='QualityKiosksTraining.CalculatorAPI.TestDivisionFunctionality.ReleaseObj()'><b>ReleaseObj</b><br>Test class: QualityKiosksTraining.CalculatorAPI.TestDivisionFunctionality</td>
<td></td>
<td>-1619254569</td>
<td>QualityKiosksTraining.CalculatorAPI.TestDivisionFunctionality@11c20519</td></tr>
<tr>
<td title='QualityKiosksTraining.CalculatorAPI.TestSubtraction.ReInitialise()'><b>ReInitialise</b><br>Test class: QualityKiosksTraining.CalculatorAPI.TestSubtraction</td>
<td></td>
<td>-1619254569</td>
<td>QualityKiosksTraining.CalculatorAPI.TestSubtraction@120d6fe6</td></tr>
<tr>
<td title='QualityKiosksTraining.CalculatorAPI.TestMultiplication.Init()'><b>Init</b><br>Test class: QualityKiosksTraining.CalculatorAPI.TestMultiplication</td>
<td></td>
<td>-1619254569</td>
<td>QualityKiosksTraining.CalculatorAPI.TestMultiplication@1176dcec</td></tr>
<tr>
<td title='QualityKiosksTraining.CalculatorAPI.TestDivisionFunctionality.InitialiseRes()'><b>InitialiseRes</b><br>Test class: QualityKiosksTraining.CalculatorAPI.TestDivisionFunctionality</td>
<td></td>
<td>-1619254569</td>
<td>QualityKiosksTraining.CalculatorAPI.TestDivisionFunctionality@11c20519</td></tr>
<tr>
<td title='QualityKiosksTraining.CalculatorAPI.TestMultiplication.ReinitializingResult()'><b>ReinitializingResult</b><br>Test class: QualityKiosksTraining.CalculatorAPI.TestMultiplication</td>
<td></td>
<td>-1619254569</td>
<td>QualityKiosksTraining.CalculatorAPI.TestMultiplication@1176dcec</td></tr>
<tr>
<td title='QualityKiosksTraining.CalculatorAPI.TestDivisionFunctionality.CreateObj()'><b>CreateObj</b><br>Test class: QualityKiosksTraining.CalculatorAPI.TestDivisionFunctionality</td>
<td></td>
<td>-1619254569</td>
<td>QualityKiosksTraining.CalculatorAPI.TestDivisionFunctionality@11c20519</td></tr>
<tr>
<td title='QualityKiosksTraining.CalculatorAPI.TestDivisionFunctionality.InitialiseRes()'><b>InitialiseRes</b><br>Test class: QualityKiosksTraining.CalculatorAPI.TestDivisionFunctionality</td>
<td></td>
<td>-1619254569</td>
<td>QualityKiosksTraining.CalculatorAPI.TestDivisionFunctionality@11c20519</td></tr>
<tr>
<td title='QualityKiosksTraining.CalculatorAPI.TestMultiplication.ReinitializingResult()'><b>ReinitializingResult</b><br>Test class: QualityKiosksTraining.CalculatorAPI.TestMultiplication</td>
<td></td>
<td>-1619254569</td>
<td>QualityKiosksTraining.CalculatorAPI.TestMultiplication@1176dcec</td></tr>
<tr>
<td title='QualityKiosksTraining.CalculatorAPI.TestSubtraction.Init()'><b>Init</b><br>Test class: QualityKiosksTraining.CalculatorAPI.TestSubtraction</td>
<td></td>
<td>-1619254569</td>
<td>QualityKiosksTraining.CalculatorAPI.TestSubtraction@120d6fe6</td></tr>
<tr>
<td title='QualityKiosksTraining.CalculatorAPI.TestMultiplication.ReinitializingResult()'><b>ReinitializingResult</b><br>Test class: QualityKiosksTraining.CalculatorAPI.TestMultiplication</td>
<td></td>
<td>-1619254569</td>
<td>QualityKiosksTraining.CalculatorAPI.TestMultiplication@1176dcec</td></tr>
<tr>
<td title='QualityKiosksTraining.CalculatorAPI.TestMultiplication.ReinitializingResult()'><b>ReinitializingResult</b><br>Test class: QualityKiosksTraining.CalculatorAPI.TestMultiplication</td>
<td></td>
<td>-1619254569</td>
<td>QualityKiosksTraining.CalculatorAPI.TestMultiplication@1176dcec</td></tr>
<tr>
<td title='QualityKiosksTraining.CalculatorAPI.TestSubtraction.Teardown()'><b>Teardown</b><br>Test class: QualityKiosksTraining.CalculatorAPI.TestSubtraction</td>
<td></td>
<td>-1619254569</td>
<td>QualityKiosksTraining.CalculatorAPI.TestSubtraction@120d6fe6</td></tr>
<tr>
<td title='QualityKiosksTraining.CalculatorAPI.TestSubtraction.ReInitialise()'><b>ReInitialise</b><br>Test class: QualityKiosksTraining.CalculatorAPI.TestSubtraction</td>
<td></td>
<td>-1619254569</td>
<td>QualityKiosksTraining.CalculatorAPI.TestSubtraction@120d6fe6</td></tr>
</table><p>
<table width='100%' border='1' class='invocation-skipped'>
<tr><td colspan='4' align='center'><b>SKIPPED TESTS</b></td></tr>
<tr><td><b>Test method</b></td>
<td width="30%"><b>Exception</b></td>
<td width="10%"><b>Time (seconds)</b></td>
<td><b>Instance</b></td>
</tr>
<tr>
<td title='QualityKiosksTraining.CalculatorAPI.TestMultiplication.TestMultiplicationWithPositiveNumbers()'><b>TestMultiplicationWithPositiveNumbers</b><br>Test class: QualityKiosksTraining.CalculatorAPI.TestMultiplication<br>Parameters: 1, 2, 2</td>
<td><div><pre>org.testng.TestNGException: 
Parameter &apos;RequestID&apos; is required by BeforeSuite on method CreateResultFolder but has not been marked @Optional or defined

... Removed 21 stack frames</pre></div><a href='#' onClick='toggleBox("stack-trace349420578", this, "Click to show all stack frames", "Click to hide stack frames")'>Click to show all stack frames</a>
<div class='stack-trace' id='stack-trace349420578'><pre>org.testng.TestNGException: 
Parameter &apos;RequestID&apos; is required by BeforeSuite on method CreateResultFolder but has not been marked @Optional or defined

	at org.testng.internal.Parameters.createParams(Parameters.java:270)
	at org.testng.internal.Parameters.createParametersForMethod(Parameters.java:358)
	at org.testng.internal.Parameters.createParameters(Parameters.java:700)
	at org.testng.internal.Parameters.createConfigurationParameters(Parameters.java:168)
	at org.testng.internal.ConfigInvoker.invokeConfigurations(ConfigInvoker.java:302)
	at org.testng.SuiteRunner.privateRun(SuiteRunner.java:317)
	at org.testng.SuiteRunner.run(SuiteRunner.java:276)
	at org.testng.SuiteRunnerWorker.runSuite(SuiteRunnerWorker.java:53)
	at org.testng.SuiteRunnerWorker.run(SuiteRunnerWorker.java:96)
	at org.testng.TestNG.runSuitesSequentially(TestNG.java:1212)
	at org.testng.TestNG.runSuitesLocally(TestNG.java:1134)
	at org.testng.TestNG.runSuites(TestNG.java:1063)
	at org.testng.TestNG.run(TestNG.java:1031)
	at org.apache.maven.surefire.testng.TestNGExecutor.run(TestNGExecutor.java:135)
	at org.apache.maven.surefire.testng.TestNGDirectoryTestSuite.executeMulti(TestNGDirectoryTestSuite.java:193)
	at org.apache.maven.surefire.testng.TestNGDirectoryTestSuite.execute(TestNGDirectoryTestSuite.java:94)
	at org.apache.maven.surefire.testng.TestNGProvider.invoke(TestNGProvider.java:146)
	at org.apache.maven.surefire.booter.ForkedBooter.invokeProviderInSameClassLoader(ForkedBooter.java:384)
	at org.apache.maven.surefire.booter.ForkedBooter.runSuitesInProcess(ForkedBooter.java:345)
	at org.apache.maven.surefire.booter.ForkedBooter.execute(ForkedBooter.java:126)
	at org.apache.maven.surefire.booter.ForkedBooter.main(ForkedBooter.java:418)
</pre></div></td>
<td>0</td>
<td>QualityKiosksTraining.CalculatorAPI.TestMultiplication@1176dcec</td></tr>
<tr>
<td title='QualityKiosksTraining.CalculatorAPI.TestSubtraction.TestSubtractionWithPositiveNumbers()'><b>TestSubtractionWithPositiveNumbers</b><br>Test class: QualityKiosksTraining.CalculatorAPI.TestSubtraction</td>
<td><div><pre>org.testng.TestNGException: 
Parameter &apos;RequestID&apos; is required by BeforeSuite on method CreateResultFolder but has not been marked @Optional or defined

... Removed 21 stack frames</pre></div><a href='#' onClick='toggleBox("stack-trace690521419", this, "Click to show all stack frames", "Click to hide stack frames")'>Click to show all stack frames</a>
<div class='stack-trace' id='stack-trace690521419'><pre>org.testng.TestNGException: 
Parameter &apos;RequestID&apos; is required by BeforeSuite on method CreateResultFolder but has not been marked @Optional or defined

	at org.testng.internal.Parameters.createParams(Parameters.java:270)
	at org.testng.internal.Parameters.createParametersForMethod(Parameters.java:358)
	at org.testng.internal.Parameters.createParameters(Parameters.java:700)
	at org.testng.internal.Parameters.createConfigurationParameters(Parameters.java:168)
	at org.testng.internal.ConfigInvoker.invokeConfigurations(ConfigInvoker.java:302)
	at org.testng.SuiteRunner.privateRun(SuiteRunner.java:317)
	at org.testng.SuiteRunner.run(SuiteRunner.java:276)
	at org.testng.SuiteRunnerWorker.runSuite(SuiteRunnerWorker.java:53)
	at org.testng.SuiteRunnerWorker.run(SuiteRunnerWorker.java:96)
	at org.testng.TestNG.runSuitesSequentially(TestNG.java:1212)
	at org.testng.TestNG.runSuitesLocally(TestNG.java:1134)
	at org.testng.TestNG.runSuites(TestNG.java:1063)
	at org.testng.TestNG.run(TestNG.java:1031)
	at org.apache.maven.surefire.testng.TestNGExecutor.run(TestNGExecutor.java:135)
	at org.apache.maven.surefire.testng.TestNGDirectoryTestSuite.executeMulti(TestNGDirectoryTestSuite.java:193)
	at org.apache.maven.surefire.testng.TestNGDirectoryTestSuite.execute(TestNGDirectoryTestSuite.java:94)
	at org.apache.maven.surefire.testng.TestNGProvider.invoke(TestNGProvider.java:146)
	at org.apache.maven.surefire.booter.ForkedBooter.invokeProviderInSameClassLoader(ForkedBooter.java:384)
	at org.apache.maven.surefire.booter.ForkedBooter.runSuitesInProcess(ForkedBooter.java:345)
	at org.apache.maven.surefire.booter.ForkedBooter.execute(ForkedBooter.java:126)
	at org.apache.maven.surefire.booter.ForkedBooter.main(ForkedBooter.java:418)
</pre></div></td>
<td>0</td>
<td>QualityKiosksTraining.CalculatorAPI.TestSubtraction@120d6fe6</td></tr>
<tr>
<td title='QualityKiosksTraining.CalculatorAPI.TestDivisionFunctionality.TestdivisionWithNegative()'><b>TestdivisionWithNegative</b><br>Test class: QualityKiosksTraining.CalculatorAPI.TestDivisionFunctionality</td>
<td><div><pre>org.testng.TestNGException: 
Parameter &apos;RequestID&apos; is required by BeforeSuite on method CreateResultFolder but has not been marked @Optional or defined

... Removed 21 stack frames</pre></div><a href='#' onClick='toggleBox("stack-trace510854293", this, "Click to show all stack frames", "Click to hide stack frames")'>Click to show all stack frames</a>
<div class='stack-trace' id='stack-trace510854293'><pre>org.testng.TestNGException: 
Parameter &apos;RequestID&apos; is required by BeforeSuite on method CreateResultFolder but has not been marked @Optional or defined

	at org.testng.internal.Parameters.createParams(Parameters.java:270)
	at org.testng.internal.Parameters.createParametersForMethod(Parameters.java:358)
	at org.testng.internal.Parameters.createParameters(Parameters.java:700)
	at org.testng.internal.Parameters.createConfigurationParameters(Parameters.java:168)
	at org.testng.internal.ConfigInvoker.invokeConfigurations(ConfigInvoker.java:302)
	at org.testng.SuiteRunner.privateRun(SuiteRunner.java:317)
	at org.testng.SuiteRunner.run(SuiteRunner.java:276)
	at org.testng.SuiteRunnerWorker.runSuite(SuiteRunnerWorker.java:53)
	at org.testng.SuiteRunnerWorker.run(SuiteRunnerWorker.java:96)
	at org.testng.TestNG.runSuitesSequentially(TestNG.java:1212)
	at org.testng.TestNG.runSuitesLocally(TestNG.java:1134)
	at org.testng.TestNG.runSuites(TestNG.java:1063)
	at org.testng.TestNG.run(TestNG.java:1031)
	at org.apache.maven.surefire.testng.TestNGExecutor.run(TestNGExecutor.java:135)
	at org.apache.maven.surefire.testng.TestNGDirectoryTestSuite.executeMulti(TestNGDirectoryTestSuite.java:193)
	at org.apache.maven.surefire.testng.TestNGDirectoryTestSuite.execute(TestNGDirectoryTestSuite.java:94)
	at org.apache.maven.surefire.testng.TestNGProvider.invoke(TestNGProvider.java:146)
	at org.apache.maven.surefire.booter.ForkedBooter.invokeProviderInSameClassLoader(ForkedBooter.java:384)
	at org.apache.maven.surefire.booter.ForkedBooter.runSuitesInProcess(ForkedBooter.java:345)
	at org.apache.maven.surefire.booter.ForkedBooter.execute(ForkedBooter.java:126)
	at org.apache.maven.surefire.booter.ForkedBooter.main(ForkedBooter.java:418)
</pre></div></td>
<td>0</td>
<td>QualityKiosksTraining.CalculatorAPI.TestDivisionFunctionality@11c20519</td></tr>
<tr>
<td title='QualityKiosksTraining.CalculatorAPI.TestMultiplication.TestMultiplicationWithPositiveNumbers()'><b>TestMultiplicationWithPositiveNumbers</b><br>Test class: QualityKiosksTraining.CalculatorAPI.TestMultiplication<br>Parameters: 10, 20, 200</td>
<td><div><pre>org.testng.TestNGException: 
Parameter &apos;RequestID&apos; is required by BeforeSuite on method CreateResultFolder but has not been marked @Optional or defined

... Removed 21 stack frames</pre></div><a href='#' onClick='toggleBox("stack-trace1277009227", this, "Click to show all stack frames", "Click to hide stack frames")'>Click to show all stack frames</a>
<div class='stack-trace' id='stack-trace1277009227'><pre>org.testng.TestNGException: 
Parameter &apos;RequestID&apos; is required by BeforeSuite on method CreateResultFolder but has not been marked @Optional or defined

	at org.testng.internal.Parameters.createParams(Parameters.java:270)
	at org.testng.internal.Parameters.createParametersForMethod(Parameters.java:358)
	at org.testng.internal.Parameters.createParameters(Parameters.java:700)
	at org.testng.internal.Parameters.createConfigurationParameters(Parameters.java:168)
	at org.testng.internal.ConfigInvoker.invokeConfigurations(ConfigInvoker.java:302)
	at org.testng.SuiteRunner.privateRun(SuiteRunner.java:317)
	at org.testng.SuiteRunner.run(SuiteRunner.java:276)
	at org.testng.SuiteRunnerWorker.runSuite(SuiteRunnerWorker.java:53)
	at org.testng.SuiteRunnerWorker.run(SuiteRunnerWorker.java:96)
	at org.testng.TestNG.runSuitesSequentially(TestNG.java:1212)
	at org.testng.TestNG.runSuitesLocally(TestNG.java:1134)
	at org.testng.TestNG.runSuites(TestNG.java:1063)
	at org.testng.TestNG.run(TestNG.java:1031)
	at org.apache.maven.surefire.testng.TestNGExecutor.run(TestNGExecutor.java:135)
	at org.apache.maven.surefire.testng.TestNGDirectoryTestSuite.executeMulti(TestNGDirectoryTestSuite.java:193)
	at org.apache.maven.surefire.testng.TestNGDirectoryTestSuite.execute(TestNGDirectoryTestSuite.java:94)
	at org.apache.maven.surefire.testng.TestNGProvider.invoke(TestNGProvider.java:146)
	at org.apache.maven.surefire.booter.ForkedBooter.invokeProviderInSameClassLoader(ForkedBooter.java:384)
	at org.apache.maven.surefire.booter.ForkedBooter.runSuitesInProcess(ForkedBooter.java:345)
	at org.apache.maven.surefire.booter.ForkedBooter.execute(ForkedBooter.java:126)
	at org.apache.maven.surefire.booter.ForkedBooter.main(ForkedBooter.java:418)
</pre></div></td>
<td>0</td>
<td>QualityKiosksTraining.CalculatorAPI.TestMultiplication@1176dcec</td></tr>
<tr>
<td title='QualityKiosksTraining.CalculatorAPI.TestSubtraction.TestSubtractionWith1Positive1NegativeNumbers()'><b>TestSubtractionWith1Positive1NegativeNumbers</b><br>Test class: QualityKiosksTraining.CalculatorAPI.TestSubtraction</td>
<td><div><pre>org.testng.TestNGException: 
Parameter &apos;RequestID&apos; is required by BeforeSuite on method CreateResultFolder but has not been marked @Optional or defined

... Removed 21 stack frames</pre></div><a href='#' onClick='toggleBox("stack-trace689401025", this, "Click to show all stack frames", "Click to hide stack frames")'>Click to show all stack frames</a>
<div class='stack-trace' id='stack-trace689401025'><pre>org.testng.TestNGException: 
Parameter &apos;RequestID&apos; is required by BeforeSuite on method CreateResultFolder but has not been marked @Optional or defined

	at org.testng.internal.Parameters.createParams(Parameters.java:270)
	at org.testng.internal.Parameters.createParametersForMethod(Parameters.java:358)
	at org.testng.internal.Parameters.createParameters(Parameters.java:700)
	at org.testng.internal.Parameters.createConfigurationParameters(Parameters.java:168)
	at org.testng.internal.ConfigInvoker.invokeConfigurations(ConfigInvoker.java:302)
	at org.testng.SuiteRunner.privateRun(SuiteRunner.java:317)
	at org.testng.SuiteRunner.run(SuiteRunner.java:276)
	at org.testng.SuiteRunnerWorker.runSuite(SuiteRunnerWorker.java:53)
	at org.testng.SuiteRunnerWorker.run(SuiteRunnerWorker.java:96)
	at org.testng.TestNG.runSuitesSequentially(TestNG.java:1212)
	at org.testng.TestNG.runSuitesLocally(TestNG.java:1134)
	at org.testng.TestNG.runSuites(TestNG.java:1063)
	at org.testng.TestNG.run(TestNG.java:1031)
	at org.apache.maven.surefire.testng.TestNGExecutor.run(TestNGExecutor.java:135)
	at org.apache.maven.surefire.testng.TestNGDirectoryTestSuite.executeMulti(TestNGDirectoryTestSuite.java:193)
	at org.apache.maven.surefire.testng.TestNGDirectoryTestSuite.execute(TestNGDirectoryTestSuite.java:94)
	at org.apache.maven.surefire.testng.TestNGProvider.invoke(TestNGProvider.java:146)
	at org.apache.maven.surefire.booter.ForkedBooter.invokeProviderInSameClassLoader(ForkedBooter.java:384)
	at org.apache.maven.surefire.booter.ForkedBooter.runSuitesInProcess(ForkedBooter.java:345)
	at org.apache.maven.surefire.booter.ForkedBooter.execute(ForkedBooter.java:126)
	at org.apache.maven.surefire.booter.ForkedBooter.main(ForkedBooter.java:418)
</pre></div></td>
<td>0</td>
<td>QualityKiosksTraining.CalculatorAPI.TestSubtraction@120d6fe6</td></tr>
<tr>
<td title='QualityKiosksTraining.CalculatorAPI.TestMultiplication.TestMultiplicationWithPositiveNumbers()'><b>TestMultiplicationWithPositiveNumbers</b><br>Test class: QualityKiosksTraining.CalculatorAPI.TestMultiplication<br>Parameters: 1000, 2000, 2000000</td>
<td><div><pre>org.testng.TestNGException: 
Parameter &apos;RequestID&apos; is required by BeforeSuite on method CreateResultFolder but has not been marked @Optional or defined

... Removed 21 stack frames</pre></div><a href='#' onClick='toggleBox("stack-trace1708570683", this, "Click to show all stack frames", "Click to hide stack frames")'>Click to show all stack frames</a>
<div class='stack-trace' id='stack-trace1708570683'><pre>org.testng.TestNGException: 
Parameter &apos;RequestID&apos; is required by BeforeSuite on method CreateResultFolder but has not been marked @Optional or defined

	at org.testng.internal.Parameters.createParams(Parameters.java:270)
	at org.testng.internal.Parameters.createParametersForMethod(Parameters.java:358)
	at org.testng.internal.Parameters.createParameters(Parameters.java:700)
	at org.testng.internal.Parameters.createConfigurationParameters(Parameters.java:168)
	at org.testng.internal.ConfigInvoker.invokeConfigurations(ConfigInvoker.java:302)
	at org.testng.SuiteRunner.privateRun(SuiteRunner.java:317)
	at org.testng.SuiteRunner.run(SuiteRunner.java:276)
	at org.testng.SuiteRunnerWorker.runSuite(SuiteRunnerWorker.java:53)
	at org.testng.SuiteRunnerWorker.run(SuiteRunnerWorker.java:96)
	at org.testng.TestNG.runSuitesSequentially(TestNG.java:1212)
	at org.testng.TestNG.runSuitesLocally(TestNG.java:1134)
	at org.testng.TestNG.runSuites(TestNG.java:1063)
	at org.testng.TestNG.run(TestNG.java:1031)
	at org.apache.maven.surefire.testng.TestNGExecutor.run(TestNGExecutor.java:135)
	at org.apache.maven.surefire.testng.TestNGDirectoryTestSuite.executeMulti(TestNGDirectoryTestSuite.java:193)
	at org.apache.maven.surefire.testng.TestNGDirectoryTestSuite.execute(TestNGDirectoryTestSuite.java:94)
	at org.apache.maven.surefire.testng.TestNGProvider.invoke(TestNGProvider.java:146)
	at org.apache.maven.surefire.booter.ForkedBooter.invokeProviderInSameClassLoader(ForkedBooter.java:384)
	at org.apache.maven.surefire.booter.ForkedBooter.runSuitesInProcess(ForkedBooter.java:345)
	at org.apache.maven.surefire.booter.ForkedBooter.execute(ForkedBooter.java:126)
	at org.apache.maven.surefire.booter.ForkedBooter.main(ForkedBooter.java:418)
</pre></div></td>
<td>0</td>
<td>QualityKiosksTraining.CalculatorAPI.TestMultiplication@1176dcec</td></tr>
<tr>
<td title='QualityKiosksTraining.CalculatorAPI.TestMultiplication.TestMultiplicationWithPositiveNumbers()'><b>TestMultiplicationWithPositiveNumbers</b><br>Test class: QualityKiosksTraining.CalculatorAPI.TestMultiplication<br>Parameters: 100, 200, 20000</td>
<td><div><pre>org.testng.TestNGException: 
Parameter &apos;RequestID&apos; is required by BeforeSuite on method CreateResultFolder but has not been marked @Optional or defined

... Removed 21 stack frames</pre></div><a href='#' onClick='toggleBox("stack-trace1914301543", this, "Click to show all stack frames", "Click to hide stack frames")'>Click to show all stack frames</a>
<div class='stack-trace' id='stack-trace1914301543'><pre>org.testng.TestNGException: 
Parameter &apos;RequestID&apos; is required by BeforeSuite on method CreateResultFolder but has not been marked @Optional or defined

	at org.testng.internal.Parameters.createParams(Parameters.java:270)
	at org.testng.internal.Parameters.createParametersForMethod(Parameters.java:358)
	at org.testng.internal.Parameters.createParameters(Parameters.java:700)
	at org.testng.internal.Parameters.createConfigurationParameters(Parameters.java:168)
	at org.testng.internal.ConfigInvoker.invokeConfigurations(ConfigInvoker.java:302)
	at org.testng.SuiteRunner.privateRun(SuiteRunner.java:317)
	at org.testng.SuiteRunner.run(SuiteRunner.java:276)
	at org.testng.SuiteRunnerWorker.runSuite(SuiteRunnerWorker.java:53)
	at org.testng.SuiteRunnerWorker.run(SuiteRunnerWorker.java:96)
	at org.testng.TestNG.runSuitesSequentially(TestNG.java:1212)
	at org.testng.TestNG.runSuitesLocally(TestNG.java:1134)
	at org.testng.TestNG.runSuites(TestNG.java:1063)
	at org.testng.TestNG.run(TestNG.java:1031)
	at org.apache.maven.surefire.testng.TestNGExecutor.run(TestNGExecutor.java:135)
	at org.apache.maven.surefire.testng.TestNGDirectoryTestSuite.executeMulti(TestNGDirectoryTestSuite.java:193)
	at org.apache.maven.surefire.testng.TestNGDirectoryTestSuite.execute(TestNGDirectoryTestSuite.java:94)
	at org.apache.maven.surefire.testng.TestNGProvider.invoke(TestNGProvider.java:146)
	at org.apache.maven.surefire.booter.ForkedBooter.invokeProviderInSameClassLoader(ForkedBooter.java:384)
	at org.apache.maven.surefire.booter.ForkedBooter.runSuitesInProcess(ForkedBooter.java:345)
	at org.apache.maven.surefire.booter.ForkedBooter.execute(ForkedBooter.java:126)
	at org.apache.maven.surefire.booter.ForkedBooter.main(ForkedBooter.java:418)
</pre></div></td>
<td>0</td>
<td>QualityKiosksTraining.CalculatorAPI.TestMultiplication@1176dcec</td></tr>
<tr>
<td title='QualityKiosksTraining.CalculatorAPI.TestDivisionFunctionality.TestdivisionWithPositive()'><b>TestdivisionWithPositive</b><br>Test class: QualityKiosksTraining.CalculatorAPI.TestDivisionFunctionality</td>
<td><div><pre>org.testng.TestNGException: 
Parameter &apos;RequestID&apos; is required by BeforeSuite on method CreateResultFolder but has not been marked @Optional or defined

... Removed 21 stack frames</pre></div><a href='#' onClick='toggleBox("stack-trace1653844940", this, "Click to show all stack frames", "Click to hide stack frames")'>Click to show all stack frames</a>
<div class='stack-trace' id='stack-trace1653844940'><pre>org.testng.TestNGException: 
Parameter &apos;RequestID&apos; is required by BeforeSuite on method CreateResultFolder but has not been marked @Optional or defined

	at org.testng.internal.Parameters.createParams(Parameters.java:270)
	at org.testng.internal.Parameters.createParametersForMethod(Parameters.java:358)
	at org.testng.internal.Parameters.createParameters(Parameters.java:700)
	at org.testng.internal.Parameters.createConfigurationParameters(Parameters.java:168)
	at org.testng.internal.ConfigInvoker.invokeConfigurations(ConfigInvoker.java:302)
	at org.testng.SuiteRunner.privateRun(SuiteRunner.java:317)
	at org.testng.SuiteRunner.run(SuiteRunner.java:276)
	at org.testng.SuiteRunnerWorker.runSuite(SuiteRunnerWorker.java:53)
	at org.testng.SuiteRunnerWorker.run(SuiteRunnerWorker.java:96)
	at org.testng.TestNG.runSuitesSequentially(TestNG.java:1212)
	at org.testng.TestNG.runSuitesLocally(TestNG.java:1134)
	at org.testng.TestNG.runSuites(TestNG.java:1063)
	at org.testng.TestNG.run(TestNG.java:1031)
	at org.apache.maven.surefire.testng.TestNGExecutor.run(TestNGExecutor.java:135)
	at org.apache.maven.surefire.testng.TestNGDirectoryTestSuite.executeMulti(TestNGDirectoryTestSuite.java:193)
	at org.apache.maven.surefire.testng.TestNGDirectoryTestSuite.execute(TestNGDirectoryTestSuite.java:94)
	at org.apache.maven.surefire.testng.TestNGProvider.invoke(TestNGProvider.java:146)
	at org.apache.maven.surefire.booter.ForkedBooter.invokeProviderInSameClassLoader(ForkedBooter.java:384)
	at org.apache.maven.surefire.booter.ForkedBooter.runSuitesInProcess(ForkedBooter.java:345)
	at org.apache.maven.surefire.booter.ForkedBooter.execute(ForkedBooter.java:126)
	at org.apache.maven.surefire.booter.ForkedBooter.main(ForkedBooter.java:418)
</pre></div></td>
<td>0</td>
<td>QualityKiosksTraining.CalculatorAPI.TestDivisionFunctionality@11c20519</td></tr>
</table><p>
</body>
</html>