<?xml version="1.0" encoding="UTF-8"?>
<testsuite xmlns:xsi="http://www.w3.org/2001/XMLSchema-instance" xsi:noNamespaceSchemaLocation="https://maven.apache.org/surefire/maven-surefire-plugin/xsd/surefire-test-report.xsd" name="TestSuite" time="0.728" tests="23" errors="0" skipped="22" failures="1">
  <properties>
    <property name="java.specification.version" value="16"/>
    <property name="sun.cpu.isalist" value="amd64"/>
    <property name="sun.jnu.encoding" value="Cp1252"/>
    <property name="java.class.path" value="C:\Users\Amit\eclipse-workspace\CalculatorAPI\target\test-classes;C:\Users\Amit\eclipse-workspace\CalculatorAPI\target\classes;C:\Users\Amit\.m2\repository\org\testng\testng\7.4.0\testng-7.4.0.jar;C:\Users\Amit\.m2\repository\com\beust\jcommander\1.78\jcommander-1.78.jar;C:\Users\Amit\.m2\repository\org\webjars\jquery\3.5.1\jquery-3.5.1.jar;"/>
    <property name="java.vm.vendor" value="Oracle Corporation"/>
    <property name="sun.arch.data.model" value="64"/>
    <property name="user.variant" value=""/>
    <property name="java.vendor.url" value="https://java.oracle.com/"/>
    <property name="user.timezone" value="Asia/Calcutta"/>
    <property name="os.name" value="Windows 10"/>
    <property name="java.vm.specification.version" value="16"/>
    <property name="sun.java.launcher" value="SUN_STANDARD"/>
    <property name="user.country" value="IN"/>
    <property name="sun.boot.library.path" value="C:\Program Files\Java\jdk-16\bin"/>
    <property name="sun.java.command" value="C:\Users\Amit\AppData\Local\Temp\surefire17665385163986845263\surefirebooter9300167482430410592.jar C:\Users\Amit\AppData\Local\Temp\surefire17665385163986845263 2021-04-24T14-26-08_426-jvmRun1 surefire8137082061012395562tmp surefire_0367515952983071742tmp"/>
    <property name="jdk.debug" value="release"/>
    <property name="surefire.test.class.path" value="C:\Users\Amit\eclipse-workspace\CalculatorAPI\target\test-classes;C:\Users\Amit\eclipse-workspace\CalculatorAPI\target\classes;C:\Users\Amit\.m2\repository\org\testng\testng\7.4.0\testng-7.4.0.jar;C:\Users\Amit\.m2\repository\com\beust\jcommander\1.78\jcommander-1.78.jar;C:\Users\Amit\.m2\repository\org\webjars\jquery\3.5.1\jquery-3.5.1.jar;"/>
    <property name="sun.cpu.endian" value="little"/>
    <property name="user.home" value="C:\Users\Amit"/>
    <property name="user.language" value="en"/>
    <property name="java.specification.vendor" value="Oracle Corporation"/>
    <property name="java.version.date" value="2021-03-16"/>
    <property name="java.home" value="C:\Program Files\Java\jdk-16"/>
    <property name="file.separator" value="\"/>
    <property name="basedir" value="C:\Users\Amit\eclipse-workspace\CalculatorAPI"/>
    <property name="java.vm.compressedOopsMode" value="32-bit"/>
    <property name="line.separator" value="&#10;"/>
    <property name="java.vm.specification.vendor" value="Oracle Corporation"/>
    <property name="java.specification.name" value="Java Platform API Specification"/>
    <property name="surefire.real.class.path" value="C:\Users\Amit\AppData\Local\Temp\surefire17665385163986845263\surefirebooter9300167482430410592.jar"/>
    <property name="user.script" value=""/>
    <property name="sun.management.compiler" value="HotSpot 64-Bit Tiered Compilers"/>
    <property name="java.runtime.version" value="16+36-2231"/>
    <property name="user.name" value="Amit"/>
    <property name="path.separator" value=";"/>
    <property name="os.version" value="10.0"/>
    <property name="java.runtime.name" value="Java(TM) SE Runtime Environment"/>
    <property name="file.encoding" value="Cp1252"/>
    <property name="java.vm.name" value="Java HotSpot(TM) 64-Bit Server VM"/>
    <property name="localRepository" value="C:\Users\Amit\.m2\repository"/>
    <property name="java.vendor.url.bug" value="https://bugreport.java.com/bugreport/"/>
    <property name="java.io.tmpdir" value="C:\Users\Amit\AppData\Local\Temp\"/>
    <property name="java.version" value="16"/>
    <property name="user.dir" value="C:\Users\Amit\eclipse-workspace\CalculatorAPI"/>
    <property name="os.arch" value="amd64"/>
    <property name="java.vm.specification.name" value="Java Virtual Machine Specification"/>
    <property name="sun.os.patch.level" value=""/>
    <property name="java.library.path" value="C:\Program Files\Java\jdk-16\bin;C:\windows\Sun\Java\bin;C:\windows\system32;C:\windows;C:\Program Files\Common Files\Oracle\Java\javapath;C:\windows\system32;C:\windows;C:\windows\System32\Wbem;C:\windows\System32\WindowsPowerShell\v1.0\;C:\windows\System32\OpenSSH\;&quot;%JAVA_HOME%\bin;&quot;;C:\Program Files\Git\cmd;C:\Program Files\Java\jdk-16\bin;C:\Users\Amit\Desktop\QK\SeleniumTraining\apache-maven-3.8.1-bin\apache-maven-3.8.1\bin;C:\Users\Amit\AppData\Local\Microsoft\WindowsApps;C:\Users\Amit\AppData\Local\Programs\Microsoft VS Code\bin;C:\Program Files\Java\jdk-16\bin;;."/>
    <property name="java.vm.info" value="mixed mode, sharing"/>
    <property name="java.vendor" value="Oracle Corporation"/>
    <property name="java.vm.version" value="16+36-2231"/>
    <property name="sun.io.unicode.encoding" value="UnicodeLittle"/>
    <property name="java.class.version" value="60.0"/>
  </properties>
  <testcase name="CreateResultFolder" classname="QualityKiosksTraining.CalculatorAPI.TestMultiplication" time="0.417">
    <failure message="&#10;Parameter &apos;RequestID&apos; is required by BeforeSuite on method CreateResultFolder but has not been marked @Optional or defined&#10;" type="org.testng.TestNGException">org.testng.TestNGException: 

Parameter 'RequestID' is required by BeforeSuite on method CreateResultFolder but has not been marked @Optional or defined

</failure>
  </testcase>
  <testcase name="CreateObj" classname="QualityKiosksTraining.CalculatorAPI.TestDivisionFunctionality" time="0">
    <skipped/>
  </testcase>
  <testcase name="InitialiseRes" classname="QualityKiosksTraining.CalculatorAPI.TestDivisionFunctionality" time="0">
    <skipped/>
  </testcase>
  <testcase name="InitialiseRes" classname="QualityKiosksTraining.CalculatorAPI.TestDivisionFunctionality" time="0">
    <skipped/>
  </testcase>
  <testcase name="TestdivisionWithPositive" classname="QualityKiosksTraining.CalculatorAPI.TestDivisionFunctionality" time="0">
    <skipped message="&#10;Parameter &apos;RequestID&apos; is required by BeforeSuite on method CreateResultFolder but has not been marked @Optional or defined&#10;"/>
  </testcase>
  <testcase name="TestdivisionWithNegative" classname="QualityKiosksTraining.CalculatorAPI.TestDivisionFunctionality" time="0">
    <skipped message="&#10;Parameter &apos;RequestID&apos; is required by BeforeSuite on method CreateResultFolder but has not been marked @Optional or defined&#10;"/>
  </testcase>
  <testcase name="ReleaseObj" classname="QualityKiosksTraining.CalculatorAPI.TestDivisionFunctionality" time="0">
    <skipped/>
  </testcase>
  <testcase name="Init" classname="QualityKiosksTraining.CalculatorAPI.TestMultiplication" time="0">
    <skipped/>
  </testcase>
  <testcase name="ReinitializingResult" classname="QualityKiosksTraining.CalculatorAPI.TestMultiplication" time="0">
    <skipped/>
  </testcase>
  <testcase name="ReinitializingResult" classname="QualityKiosksTraining.CalculatorAPI.TestMultiplication" time="0">
    <skipped/>
  </testcase>
  <testcase name="ReinitializingResult" classname="QualityKiosksTraining.CalculatorAPI.TestMultiplication" time="0">
    <skipped/>
  </testcase>
  <testcase name="ReinitializingResult" classname="QualityKiosksTraining.CalculatorAPI.TestMultiplication" time="0">
    <skipped/>
  </testcase>
  <testcase name="TestMultiplicationWithPositiveNumbers" classname="QualityKiosksTraining.CalculatorAPI.TestMultiplication" time="0">
    <skipped message="&#10;Parameter &apos;RequestID&apos; is required by BeforeSuite on method CreateResultFolder but has not been marked @Optional or defined&#10;"/>
  </testcase>
  <testcase name="TestMultiplicationWithPositiveNumbers" classname="QualityKiosksTraining.CalculatorAPI.TestMultiplication" time="0">
    <skipped message="&#10;Parameter &apos;RequestID&apos; is required by BeforeSuite on method CreateResultFolder but has not been marked @Optional or defined&#10;"/>
  </testcase>
  <testcase name="TestMultiplicationWithPositiveNumbers" classname="QualityKiosksTraining.CalculatorAPI.TestMultiplication" time="0">
    <skipped message="&#10;Parameter &apos;RequestID&apos; is required by BeforeSuite on method CreateResultFolder but has not been marked @Optional or defined&#10;"/>
  </testcase>
  <testcase name="TestMultiplicationWithPositiveNumbers" classname="QualityKiosksTraining.CalculatorAPI.TestMultiplication" time="0">
    <skipped message="&#10;Parameter &apos;RequestID&apos; is required by BeforeSuite on method CreateResultFolder but has not been marked @Optional or defined&#10;"/>
  </testcase>
  <testcase name="Init" classname="QualityKiosksTraining.CalculatorAPI.TestSubtraction" time="0">
    <skipped/>
  </testcase>
  <testcase name="ReInitialise" classname="QualityKiosksTraining.CalculatorAPI.TestSubtraction" time="0">
    <skipped/>
  </testcase>
  <testcase name="ReInitialise" classname="QualityKiosksTraining.CalculatorAPI.TestSubtraction" time="0">
    <skipped/>
  </testcase>
  <testcase name="TestSubtractionWithPositiveNumbers" classname="QualityKiosksTraining.CalculatorAPI.TestSubtraction" time="0">
    <skipped message="&#10;Parameter &apos;RequestID&apos; is required by BeforeSuite on method CreateResultFolder but has not been marked @Optional or defined&#10;"/>
  </testcase>
  <testcase name="TestSubtractionWith1Positive1NegativeNumbers" classname="QualityKiosksTraining.CalculatorAPI.TestSubtraction" time="0">
    <skipped message="&#10;Parameter &apos;RequestID&apos; is required by BeforeSuite on method CreateResultFolder but has not been marked @Optional or defined&#10;"/>
  </testcase>
  <testcase name="Teardown" classname="QualityKiosksTraining.CalculatorAPI.TestSubtraction" time="0">
    <skipped/>
  </testcase>
  <testcase name="CopyResultFile" classname="QualityKiosksTraining.CalculatorAPI.TestMultiplication" time="0">
    <skipped/>
  </testcase>
</testsuite>