<?xml version="1.0" encoding="UTF-8"?>
<testng-results ignored="0" total="8" passed="0" failed="0" skipped="8">
  <reporter-output>
  </reporter-output>
  <suite started-at="2021-04-24T14:26:09 IST" name="Surefire suite" finished-at="2021-04-24T14:26:09 IST" duration-ms="49">
    <groups>
    </groups>
    <test started-at="2021-04-24T14:26:09 IST" name="Surefire test" finished-at="2021-04-24T14:26:09 IST" duration-ms="49">
      <class name="QualityKiosksTraining.CalculatorAPI.TestDivisionFunctionality">
        <test-method is-config="true" signature="CreateObj()[pri:0, instance:QualityKiosksTraining.CalculatorAPI.TestDivisionFunctionality@11c20519]" started-at="2021-04-24T14:26:09 IST" name="CreateObj" finished-at="1970-01-01T05:30:00 IST" duration-ms="-1619254569636" status="SKIP">
          <reporter-output>
          </reporter-output>
        </test-method> <!-- CreateObj -->
        <test-method is-config="true" signature="InitialiseRes()[pri:0, instance:QualityKiosksTraining.CalculatorAPI.TestDivisionFunctionality@11c20519]" started-at="2021-04-24T14:26:09 IST" name="InitialiseRes" finished-at="1970-01-01T05:30:00 IST" duration-ms="-1619254569650" status="SKIP">
          <reporter-output>
          </reporter-output>
        </test-method> <!-- InitialiseRes -->
        <test-method signature="TestdivisionWithPositive()[pri:1, instance:QualityKiosksTraining.CalculatorAPI.TestDivisionFunctionality@11c20519]" started-at="2021-04-24T14:26:09 IST" name="TestdivisionWithPositive" finished-at="2021-04-24T14:26:09 IST" duration-ms="0" status="SKIP">
          <exception class="org.testng.TestNGException">
            <message>
              <![CDATA[
Parameter 'RequestID' is required by BeforeSuite on method CreateResultFolder but has not been marked @Optional or defined
]]>
            </message>
            <full-stacktrace>
              <![CDATA[org.testng.TestNGException: 
Parameter 'RequestID' is required by BeforeSuite on method CreateResultFolder but has not been marked @Optional or defined

at org.testng.internal.Parameters.createParams(Parameters.java:270)
at org.testng.internal.Parameters.createParametersForMethod(Parameters.java:358)
at org.testng.internal.Parameters.createParameters(Parameters.java:700)
at org.testng.internal.Parameters.createConfigurationParameters(Parameters.java:168)
at org.testng.internal.ConfigInvoker.invokeConfigurations(ConfigInvoker.java:302)
at org.testng.SuiteRunner.privateRun(SuiteRunner.java:317)
at org.testng.SuiteRunner.run(SuiteRunner.java:276)
at org.testng.SuiteRunnerWorker.runSuite(SuiteRunnerWorker.java:53)
at org.testng.SuiteRunnerWorker.run(SuiteRunnerWorker.java:96)
at org.testng.TestNG.runSuitesSequentially(TestNG.java:1212)
at org.testng.TestNG.runSuitesLocally(TestNG.java:1134)
at org.testng.TestNG.runSuites(TestNG.java:1063)
at org.testng.TestNG.run(TestNG.java:1031)
at org.apache.maven.surefire.testng.TestNGExecutor.run(TestNGExecutor.java:135)
at org.apache.maven.surefire.testng.TestNGDirectoryTestSuite.executeMulti(TestNGDirectoryTestSuite.java:193)
at org.apache.maven.surefire.testng.TestNGDirectoryTestSuite.execute(TestNGDirectoryTestSuite.java:94)
at org.apache.maven.surefire.testng.TestNGProvider.invoke(TestNGProvider.java:146)
at org.apache.maven.surefire.booter.ForkedBooter.invokeProviderInSameClassLoader(ForkedBooter.java:384)
at org.apache.maven.surefire.booter.ForkedBooter.runSuitesInProcess(ForkedBooter.java:345)
at org.apache.maven.surefire.booter.ForkedBooter.execute(ForkedBooter.java:126)
at org.apache.maven.surefire.booter.ForkedBooter.main(ForkedBooter.java:418)
]]>
            </full-stacktrace>
          </exception> <!-- org.testng.TestNGException -->
          <reporter-output>
          </reporter-output>
        </test-method> <!-- TestdivisionWithPositive -->
        <test-method signature="TestdivisionWithNegative()[pri:2, instance:QualityKiosksTraining.CalculatorAPI.TestDivisionFunctionality@11c20519]" started-at="2021-04-24T14:26:09 IST" name="TestdivisionWithNegative" finished-at="2021-04-24T14:26:09 IST" duration-ms="0" status="SKIP">
          <exception class="org.testng.TestNGException">
            <message>
              <![CDATA[
Parameter 'RequestID' is required by BeforeSuite on method CreateResultFolder but has not been marked @Optional or defined
]]>
            </message>
            <full-stacktrace>
              <![CDATA[org.testng.TestNGException: 
Parameter 'RequestID' is required by BeforeSuite on method CreateResultFolder but has not been marked @Optional or defined

at org.testng.internal.Parameters.createParams(Parameters.java:270)
at org.testng.internal.Parameters.createParametersForMethod(Parameters.java:358)
at org.testng.internal.Parameters.createParameters(Parameters.java:700)
at org.testng.internal.Parameters.createConfigurationParameters(Parameters.java:168)
at org.testng.internal.ConfigInvoker.invokeConfigurations(ConfigInvoker.java:302)
at org.testng.SuiteRunner.privateRun(SuiteRunner.java:317)
at org.testng.SuiteRunner.run(SuiteRunner.java:276)
at org.testng.SuiteRunnerWorker.runSuite(SuiteRunnerWorker.java:53)
at org.testng.SuiteRunnerWorker.run(SuiteRunnerWorker.java:96)
at org.testng.TestNG.runSuitesSequentially(TestNG.java:1212)
at org.testng.TestNG.runSuitesLocally(TestNG.java:1134)
at org.testng.TestNG.runSuites(TestNG.java:1063)
at org.testng.TestNG.run(TestNG.java:1031)
at org.apache.maven.surefire.testng.TestNGExecutor.run(TestNGExecutor.java:135)
at org.apache.maven.surefire.testng.TestNGDirectoryTestSuite.executeMulti(TestNGDirectoryTestSuite.java:193)
at org.apache.maven.surefire.testng.TestNGDirectoryTestSuite.execute(TestNGDirectoryTestSuite.java:94)
at org.apache.maven.surefire.testng.TestNGProvider.invoke(TestNGProvider.java:146)
at org.apache.maven.surefire.booter.ForkedBooter.invokeProviderInSameClassLoader(ForkedBooter.java:384)
at org.apache.maven.surefire.booter.ForkedBooter.runSuitesInProcess(ForkedBooter.java:345)
at org.apache.maven.surefire.booter.ForkedBooter.execute(ForkedBooter.java:126)
at org.apache.maven.surefire.booter.ForkedBooter.main(ForkedBooter.java:418)
]]>
            </full-stacktrace>
          </exception> <!-- org.testng.TestNGException -->
          <reporter-output>
          </reporter-output>
        </test-method> <!-- TestdivisionWithNegative -->
        <test-method is-config="true" signature="InitialiseRes()[pri:0, instance:QualityKiosksTraining.CalculatorAPI.TestDivisionFunctionality@11c20519]" started-at="2021-04-24T14:26:09 IST" name="InitialiseRes" finished-at="1970-01-01T05:30:00 IST" duration-ms="-1619254569654" status="SKIP">
          <reporter-output>
          </reporter-output>
        </test-method> <!-- InitialiseRes -->
        <test-method is-config="true" signature="ReleaseObj()[pri:0, instance:QualityKiosksTraining.CalculatorAPI.TestDivisionFunctionality@11c20519]" started-at="2021-04-24T14:26:09 IST" name="ReleaseObj" finished-at="1970-01-01T05:30:00 IST" duration-ms="-1619254569655" status="SKIP">
          <reporter-output>
          </reporter-output>
        </test-method> <!-- ReleaseObj -->
      </class> <!-- QualityKiosksTraining.CalculatorAPI.TestDivisionFunctionality -->
      <class name="QualityKiosksTraining.CalculatorAPI.TestMultiplication">
        <test-method is-config="true" signature="CreateResultFolder(java.lang.String)[pri:0, instance:QualityKiosksTraining.CalculatorAPI.TestMultiplication@1176dcec]" started-at="2021-04-24T14:26:09 IST" name="CreateResultFolder" finished-at="1970-01-01T05:30:00 IST" duration-ms="-1619254569606" status="FAIL">
          <exception class="org.testng.TestNGException">
            <message>
              <![CDATA[
Parameter 'RequestID' is required by BeforeSuite on method CreateResultFolder but has not been marked @Optional or defined
]]>
            </message>
            <full-stacktrace>
              <![CDATA[org.testng.TestNGException: 
Parameter 'RequestID' is required by BeforeSuite on method CreateResultFolder but has not been marked @Optional or defined

at org.testng.internal.Parameters.createParams(Parameters.java:270)
at org.testng.internal.Parameters.createParametersForMethod(Parameters.java:358)
at org.testng.internal.Parameters.createParameters(Parameters.java:700)
at org.testng.internal.Parameters.createConfigurationParameters(Parameters.java:168)
at org.testng.internal.ConfigInvoker.invokeConfigurations(ConfigInvoker.java:302)
at org.testng.SuiteRunner.privateRun(SuiteRunner.java:317)
at org.testng.SuiteRunner.run(SuiteRunner.java:276)
at org.testng.SuiteRunnerWorker.runSuite(SuiteRunnerWorker.java:53)
at org.testng.SuiteRunnerWorker.run(SuiteRunnerWorker.java:96)
at org.testng.TestNG.runSuitesSequentially(TestNG.java:1212)
at org.testng.TestNG.runSuitesLocally(TestNG.java:1134)
at org.testng.TestNG.runSuites(TestNG.java:1063)
at org.testng.TestNG.run(TestNG.java:1031)
at org.apache.maven.surefire.testng.TestNGExecutor.run(TestNGExecutor.java:135)
at org.apache.maven.surefire.testng.TestNGDirectoryTestSuite.executeMulti(TestNGDirectoryTestSuite.java:193)
at org.apache.maven.surefire.testng.TestNGDirectoryTestSuite.execute(TestNGDirectoryTestSuite.java:94)
at org.apache.maven.surefire.testng.TestNGProvider.invoke(TestNGProvider.java:146)
at org.apache.maven.surefire.booter.ForkedBooter.invokeProviderInSameClassLoader(ForkedBooter.java:384)
at org.apache.maven.surefire.booter.ForkedBooter.runSuitesInProcess(ForkedBooter.java:345)
at org.apache.maven.surefire.booter.ForkedBooter.execute(ForkedBooter.java:126)
at org.apache.maven.surefire.booter.ForkedBooter.main(ForkedBooter.java:418)
]]>
            </full-stacktrace>
          </exception> <!-- org.testng.TestNGException -->
          <reporter-output>
          </reporter-output>
        </test-method> <!-- CreateResultFolder -->
        <test-method is-config="true" signature="Init()[pri:0, instance:QualityKiosksTraining.CalculatorAPI.TestMultiplication@1176dcec]" started-at="2021-04-24T14:26:09 IST" name="Init" finished-at="1970-01-01T05:30:00 IST" duration-ms="-1619254569655" status="SKIP">
          <reporter-output>
          </reporter-output>
        </test-method> <!-- Init -->
        <test-method is-config="true" signature="ReinitializingResult()[pri:0, instance:QualityKiosksTraining.CalculatorAPI.TestMultiplication@1176dcec]" started-at="2021-04-24T14:26:09 IST" name="ReinitializingResult" finished-at="1970-01-01T05:30:00 IST" duration-ms="-1619254569661" status="SKIP">
          <reporter-output>
          </reporter-output>
        </test-method> <!-- ReinitializingResult -->
        <test-method is-config="true" signature="ReinitializingResult()[pri:0, instance:QualityKiosksTraining.CalculatorAPI.TestMultiplication@1176dcec]" started-at="2021-04-24T14:26:09 IST" name="ReinitializingResult" finished-at="1970-01-01T05:30:00 IST" duration-ms="-1619254569662" status="SKIP">
          <reporter-output>
          </reporter-output>
        </test-method> <!-- ReinitializingResult -->
        <test-method signature="TestMultiplicationWithPositiveNumbers(int,int,int)[pri:1, instance:QualityKiosksTraining.CalculatorAPI.TestMultiplication@1176dcec]" started-at="2021-04-24T14:26:09 IST" name="TestMultiplicationWithPositiveNumbers" data-provider="ProvidePositiveNumbers" finished-at="2021-04-24T14:26:09 IST" duration-ms="0" status="SKIP">
          <params>
            <param index="0">
              <value>
                <![CDATA[1]]>
              </value>
            </param>
            <param index="1">
              <value>
                <![CDATA[2]]>
              </value>
            </param>
            <param index="2">
              <value>
                <![CDATA[2]]>
              </value>
            </param>
          </params>
          <exception class="org.testng.TestNGException">
            <message>
              <![CDATA[
Parameter 'RequestID' is required by BeforeSuite on method CreateResultFolder but has not been marked @Optional or defined
]]>
            </message>
            <full-stacktrace>
              <![CDATA[org.testng.TestNGException: 
Parameter 'RequestID' is required by BeforeSuite on method CreateResultFolder but has not been marked @Optional or defined

at org.testng.internal.Parameters.createParams(Parameters.java:270)
at org.testng.internal.Parameters.createParametersForMethod(Parameters.java:358)
at org.testng.internal.Parameters.createParameters(Parameters.java:700)
at org.testng.internal.Parameters.createConfigurationParameters(Parameters.java:168)
at org.testng.internal.ConfigInvoker.invokeConfigurations(ConfigInvoker.java:302)
at org.testng.SuiteRunner.privateRun(SuiteRunner.java:317)
at org.testng.SuiteRunner.run(SuiteRunner.java:276)
at org.testng.SuiteRunnerWorker.runSuite(SuiteRunnerWorker.java:53)
at org.testng.SuiteRunnerWorker.run(SuiteRunnerWorker.java:96)
at org.testng.TestNG.runSuitesSequentially(TestNG.java:1212)
at org.testng.TestNG.runSuitesLocally(TestNG.java:1134)
at org.testng.TestNG.runSuites(TestNG.java:1063)
at org.testng.TestNG.run(TestNG.java:1031)
at org.apache.maven.surefire.testng.TestNGExecutor.run(TestNGExecutor.java:135)
at org.apache.maven.surefire.testng.TestNGDirectoryTestSuite.executeMulti(TestNGDirectoryTestSuite.java:193)
at org.apache.maven.surefire.testng.TestNGDirectoryTestSuite.execute(TestNGDirectoryTestSuite.java:94)
at org.apache.maven.surefire.testng.TestNGProvider.invoke(TestNGProvider.java:146)
at org.apache.maven.surefire.booter.ForkedBooter.invokeProviderInSameClassLoader(ForkedBooter.java:384)
at org.apache.maven.surefire.booter.ForkedBooter.runSuitesInProcess(ForkedBooter.java:345)
at org.apache.maven.surefire.booter.ForkedBooter.execute(ForkedBooter.java:126)
at org.apache.maven.surefire.booter.ForkedBooter.main(ForkedBooter.java:418)
]]>
            </full-stacktrace>
          </exception> <!-- org.testng.TestNGException -->
          <reporter-output>
          </reporter-output>
        </test-method> <!-- TestMultiplicationWithPositiveNumbers -->
        <test-method signature="TestMultiplicationWithPositiveNumbers(int,int,int)[pri:1, instance:QualityKiosksTraining.CalculatorAPI.TestMultiplication@1176dcec]" started-at="2021-04-24T14:26:09 IST" name="TestMultiplicationWithPositiveNumbers" data-provider="ProvidePositiveNumbers" finished-at="2021-04-24T14:26:09 IST" duration-ms="0" status="SKIP">
          <params>
            <param index="0">
              <value>
                <![CDATA[10]]>
              </value>
            </param>
            <param index="1">
              <value>
                <![CDATA[20]]>
              </value>
            </param>
            <param index="2">
              <value>
                <![CDATA[200]]>
              </value>
            </param>
          </params>
          <exception class="org.testng.TestNGException">
            <message>
              <![CDATA[
Parameter 'RequestID' is required by BeforeSuite on method CreateResultFolder but has not been marked @Optional or defined
]]>
            </message>
            <full-stacktrace>
              <![CDATA[org.testng.TestNGException: 
Parameter 'RequestID' is required by BeforeSuite on method CreateResultFolder but has not been marked @Optional or defined

at org.testng.internal.Parameters.createParams(Parameters.java:270)
at org.testng.internal.Parameters.createParametersForMethod(Parameters.java:358)
at org.testng.internal.Parameters.createParameters(Parameters.java:700)
at org.testng.internal.Parameters.createConfigurationParameters(Parameters.java:168)
at org.testng.internal.ConfigInvoker.invokeConfigurations(ConfigInvoker.java:302)
at org.testng.SuiteRunner.privateRun(SuiteRunner.java:317)
at org.testng.SuiteRunner.run(SuiteRunner.java:276)
at org.testng.SuiteRunnerWorker.runSuite(SuiteRunnerWorker.java:53)
at org.testng.SuiteRunnerWorker.run(SuiteRunnerWorker.java:96)
at org.testng.TestNG.runSuitesSequentially(TestNG.java:1212)
at org.testng.TestNG.runSuitesLocally(TestNG.java:1134)
at org.testng.TestNG.runSuites(TestNG.java:1063)
at org.testng.TestNG.run(TestNG.java:1031)
at org.apache.maven.surefire.testng.TestNGExecutor.run(TestNGExecutor.java:135)
at org.apache.maven.surefire.testng.TestNGDirectoryTestSuite.executeMulti(TestNGDirectoryTestSuite.java:193)
at org.apache.maven.surefire.testng.TestNGDirectoryTestSuite.execute(TestNGDirectoryTestSuite.java:94)
at org.apache.maven.surefire.testng.TestNGProvider.invoke(TestNGProvider.java:146)
at org.apache.maven.surefire.booter.ForkedBooter.invokeProviderInSameClassLoader(ForkedBooter.java:384)
at org.apache.maven.surefire.booter.ForkedBooter.runSuitesInProcess(ForkedBooter.java:345)
at org.apache.maven.surefire.booter.ForkedBooter.execute(ForkedBooter.java:126)
at org.apache.maven.surefire.booter.ForkedBooter.main(ForkedBooter.java:418)
]]>
            </full-stacktrace>
          </exception> <!-- org.testng.TestNGException -->
          <reporter-output>
          </reporter-output>
        </test-method> <!-- TestMultiplicationWithPositiveNumbers -->
        <test-method signature="TestMultiplicationWithPositiveNumbers(int,int,int)[pri:1, instance:QualityKiosksTraining.CalculatorAPI.TestMultiplication@1176dcec]" started-at="2021-04-24T14:26:09 IST" name="TestMultiplicationWithPositiveNumbers" data-provider="ProvidePositiveNumbers" finished-at="2021-04-24T14:26:09 IST" duration-ms="0" status="SKIP">
          <params>
            <param index="0">
              <value>
                <![CDATA[1000]]>
              </value>
            </param>
            <param index="1">
              <value>
                <![CDATA[2000]]>
              </value>
            </param>
            <param index="2">
              <value>
                <![CDATA[2000000]]>
              </value>
            </param>
          </params>
          <exception class="org.testng.TestNGException">
            <message>
              <![CDATA[
Parameter 'RequestID' is required by BeforeSuite on method CreateResultFolder but has not been marked @Optional or defined
]]>
            </message>
            <full-stacktrace>
              <![CDATA[org.testng.TestNGException: 
Parameter 'RequestID' is required by BeforeSuite on method CreateResultFolder but has not been marked @Optional or defined

at org.testng.internal.Parameters.createParams(Parameters.java:270)
at org.testng.internal.Parameters.createParametersForMethod(Parameters.java:358)
at org.testng.internal.Parameters.createParameters(Parameters.java:700)
at org.testng.internal.Parameters.createConfigurationParameters(Parameters.java:168)
at org.testng.internal.ConfigInvoker.invokeConfigurations(ConfigInvoker.java:302)
at org.testng.SuiteRunner.privateRun(SuiteRunner.java:317)
at org.testng.SuiteRunner.run(SuiteRunner.java:276)
at org.testng.SuiteRunnerWorker.runSuite(SuiteRunnerWorker.java:53)
at org.testng.SuiteRunnerWorker.run(SuiteRunnerWorker.java:96)
at org.testng.TestNG.runSuitesSequentially(TestNG.java:1212)
at org.testng.TestNG.runSuitesLocally(TestNG.java:1134)
at org.testng.TestNG.runSuites(TestNG.java:1063)
at org.testng.TestNG.run(TestNG.java:1031)
at org.apache.maven.surefire.testng.TestNGExecutor.run(TestNGExecutor.java:135)
at org.apache.maven.surefire.testng.TestNGDirectoryTestSuite.executeMulti(TestNGDirectoryTestSuite.java:193)
at org.apache.maven.surefire.testng.TestNGDirectoryTestSuite.execute(TestNGDirectoryTestSuite.java:94)
at org.apache.maven.surefire.testng.TestNGProvider.invoke(TestNGProvider.java:146)
at org.apache.maven.surefire.booter.ForkedBooter.invokeProviderInSameClassLoader(ForkedBooter.java:384)
at org.apache.maven.surefire.booter.ForkedBooter.runSuitesInProcess(ForkedBooter.java:345)
at org.apache.maven.surefire.booter.ForkedBooter.execute(ForkedBooter.java:126)
at org.apache.maven.surefire.booter.ForkedBooter.main(ForkedBooter.java:418)
]]>
            </full-stacktrace>
          </exception> <!-- org.testng.TestNGException -->
          <reporter-output>
          </reporter-output>
        </test-method> <!-- TestMultiplicationWithPositiveNumbers -->
        <test-method is-config="true" signature="ReinitializingResult()[pri:0, instance:QualityKiosksTraining.CalculatorAPI.TestMultiplication@1176dcec]" started-at="2021-04-24T14:26:09 IST" name="ReinitializingResult" finished-at="1970-01-01T05:30:00 IST" duration-ms="-1619254569663" status="SKIP">
          <reporter-output>
          </reporter-output>
        </test-method> <!-- ReinitializingResult -->
        <test-method is-config="true" signature="ReinitializingResult()[pri:0, instance:QualityKiosksTraining.CalculatorAPI.TestMultiplication@1176dcec]" started-at="2021-04-24T14:26:09 IST" name="ReinitializingResult" finished-at="1970-01-01T05:30:00 IST" duration-ms="-1619254569663" status="SKIP">
          <reporter-output>
          </reporter-output>
        </test-method> <!-- ReinitializingResult -->
        <test-method signature="TestMultiplicationWithPositiveNumbers(int,int,int)[pri:1, instance:QualityKiosksTraining.CalculatorAPI.TestMultiplication@1176dcec]" started-at="2021-04-24T14:26:09 IST" name="TestMultiplicationWithPositiveNumbers" data-provider="ProvidePositiveNumbers" finished-at="2021-04-24T14:26:09 IST" duration-ms="0" status="SKIP">
          <params>
            <param index="0">
              <value>
                <![CDATA[100]]>
              </value>
            </param>
            <param index="1">
              <value>
                <![CDATA[200]]>
              </value>
            </param>
            <param index="2">
              <value>
                <![CDATA[20000]]>
              </value>
            </param>
          </params>
          <exception class="org.testng.TestNGException">
            <message>
              <![CDATA[
Parameter 'RequestID' is required by BeforeSuite on method CreateResultFolder but has not been marked @Optional or defined
]]>
            </message>
            <full-stacktrace>
              <![CDATA[org.testng.TestNGException: 
Parameter 'RequestID' is required by BeforeSuite on method CreateResultFolder but has not been marked @Optional or defined

at org.testng.internal.Parameters.createParams(Parameters.java:270)
at org.testng.internal.Parameters.createParametersForMethod(Parameters.java:358)
at org.testng.internal.Parameters.createParameters(Parameters.java:700)
at org.testng.internal.Parameters.createConfigurationParameters(Parameters.java:168)
at org.testng.internal.ConfigInvoker.invokeConfigurations(ConfigInvoker.java:302)
at org.testng.SuiteRunner.privateRun(SuiteRunner.java:317)
at org.testng.SuiteRunner.run(SuiteRunner.java:276)
at org.testng.SuiteRunnerWorker.runSuite(SuiteRunnerWorker.java:53)
at org.testng.SuiteRunnerWorker.run(SuiteRunnerWorker.java:96)
at org.testng.TestNG.runSuitesSequentially(TestNG.java:1212)
at org.testng.TestNG.runSuitesLocally(TestNG.java:1134)
at org.testng.TestNG.runSuites(TestNG.java:1063)
at org.testng.TestNG.run(TestNG.java:1031)
at org.apache.maven.surefire.testng.TestNGExecutor.run(TestNGExecutor.java:135)
at org.apache.maven.surefire.testng.TestNGDirectoryTestSuite.executeMulti(TestNGDirectoryTestSuite.java:193)
at org.apache.maven.surefire.testng.TestNGDirectoryTestSuite.execute(TestNGDirectoryTestSuite.java:94)
at org.apache.maven.surefire.testng.TestNGProvider.invoke(TestNGProvider.java:146)
at org.apache.maven.surefire.booter.ForkedBooter.invokeProviderInSameClassLoader(ForkedBooter.java:384)
at org.apache.maven.surefire.booter.ForkedBooter.runSuitesInProcess(ForkedBooter.java:345)
at org.apache.maven.surefire.booter.ForkedBooter.execute(ForkedBooter.java:126)
at org.apache.maven.surefire.booter.ForkedBooter.main(ForkedBooter.java:418)
]]>
            </full-stacktrace>
          </exception> <!-- org.testng.TestNGException -->
          <reporter-output>
          </reporter-output>
        </test-method> <!-- TestMultiplicationWithPositiveNumbers -->
        <test-method is-config="true" signature="CopyResultFile(java.lang.String)[pri:0, instance:QualityKiosksTraining.CalculatorAPI.TestMultiplication@1176dcec]" started-at="2021-04-24T14:26:09 IST" name="CopyResultFile" finished-at="1970-01-01T05:30:00 IST" duration-ms="-1619254569727" status="SKIP">
          <reporter-output>
          </reporter-output>
        </test-method> <!-- CopyResultFile -->
      </class> <!-- QualityKiosksTraining.CalculatorAPI.TestMultiplication -->
      <class name="QualityKiosksTraining.CalculatorAPI.TestSubtraction">
        <test-method is-config="true" signature="ReInitialise()[pri:0, instance:QualityKiosksTraining.CalculatorAPI.TestSubtraction@120d6fe6]" started-at="2021-04-24T14:26:09 IST" name="ReInitialise" finished-at="1970-01-01T05:30:00 IST" duration-ms="-1619254569664" status="SKIP">
          <reporter-output>
          </reporter-output>
        </test-method> <!-- ReInitialise -->
        <test-method signature="TestSubtractionWithPositiveNumbers()[pri:1, instance:QualityKiosksTraining.CalculatorAPI.TestSubtraction@120d6fe6]" started-at="2021-04-24T14:26:09 IST" name="TestSubtractionWithPositiveNumbers" finished-at="2021-04-24T14:26:09 IST" duration-ms="0" status="SKIP">
          <exception class="org.testng.TestNGException">
            <message>
              <![CDATA[
Parameter 'RequestID' is required by BeforeSuite on method CreateResultFolder but has not been marked @Optional or defined
]]>
            </message>
            <full-stacktrace>
              <![CDATA[org.testng.TestNGException: 
Parameter 'RequestID' is required by BeforeSuite on method CreateResultFolder but has not been marked @Optional or defined

at org.testng.internal.Parameters.createParams(Parameters.java:270)
at org.testng.internal.Parameters.createParametersForMethod(Parameters.java:358)
at org.testng.internal.Parameters.createParameters(Parameters.java:700)
at org.testng.internal.Parameters.createConfigurationParameters(Parameters.java:168)
at org.testng.internal.ConfigInvoker.invokeConfigurations(ConfigInvoker.java:302)
at org.testng.SuiteRunner.privateRun(SuiteRunner.java:317)
at org.testng.SuiteRunner.run(SuiteRunner.java:276)
at org.testng.SuiteRunnerWorker.runSuite(SuiteRunnerWorker.java:53)
at org.testng.SuiteRunnerWorker.run(SuiteRunnerWorker.java:96)
at org.testng.TestNG.runSuitesSequentially(TestNG.java:1212)
at org.testng.TestNG.runSuitesLocally(TestNG.java:1134)
at org.testng.TestNG.runSuites(TestNG.java:1063)
at org.testng.TestNG.run(TestNG.java:1031)
at org.apache.maven.surefire.testng.TestNGExecutor.run(TestNGExecutor.java:135)
at org.apache.maven.surefire.testng.TestNGDirectoryTestSuite.executeMulti(TestNGDirectoryTestSuite.java:193)
at org.apache.maven.surefire.testng.TestNGDirectoryTestSuite.execute(TestNGDirectoryTestSuite.java:94)
at org.apache.maven.surefire.testng.TestNGProvider.invoke(TestNGProvider.java:146)
at org.apache.maven.surefire.booter.ForkedBooter.invokeProviderInSameClassLoader(ForkedBooter.java:384)
at org.apache.maven.surefire.booter.ForkedBooter.runSuitesInProcess(ForkedBooter.java:345)
at org.apache.maven.surefire.booter.ForkedBooter.execute(ForkedBooter.java:126)
at org.apache.maven.surefire.booter.ForkedBooter.main(ForkedBooter.java:418)
]]>
            </full-stacktrace>
          </exception> <!-- org.testng.TestNGException -->
          <reporter-output>
          </reporter-output>
        </test-method> <!-- TestSubtractionWithPositiveNumbers -->
        <test-method is-config="true" signature="Init()[pri:0, instance:QualityKiosksTraining.CalculatorAPI.TestSubtraction@120d6fe6]" started-at="2021-04-24T14:26:09 IST" name="Init" finished-at="1970-01-01T05:30:00 IST" duration-ms="-1619254569664" status="SKIP">
          <reporter-output>
          </reporter-output>
        </test-method> <!-- Init -->
        <test-method signature="TestSubtractionWith1Positive1NegativeNumbers()[pri:2, instance:QualityKiosksTraining.CalculatorAPI.TestSubtraction@120d6fe6]" started-at="2021-04-24T14:26:09 IST" name="TestSubtractionWith1Positive1NegativeNumbers" finished-at="2021-04-24T14:26:09 IST" duration-ms="0" status="SKIP">
          <exception class="org.testng.TestNGException">
            <message>
              <![CDATA[
Parameter 'RequestID' is required by BeforeSuite on method CreateResultFolder but has not been marked @Optional or defined
]]>
            </message>
            <full-stacktrace>
              <![CDATA[org.testng.TestNGException: 
Parameter 'RequestID' is required by BeforeSuite on method CreateResultFolder but has not been marked @Optional or defined

at org.testng.internal.Parameters.createParams(Parameters.java:270)
at org.testng.internal.Parameters.createParametersForMethod(Parameters.java:358)
at org.testng.internal.Parameters.createParameters(Parameters.java:700)
at org.testng.internal.Parameters.createConfigurationParameters(Parameters.java:168)
at org.testng.internal.ConfigInvoker.invokeConfigurations(ConfigInvoker.java:302)
at org.testng.SuiteRunner.privateRun(SuiteRunner.java:317)
at org.testng.SuiteRunner.run(SuiteRunner.java:276)
at org.testng.SuiteRunnerWorker.runSuite(SuiteRunnerWorker.java:53)
at org.testng.SuiteRunnerWorker.run(SuiteRunnerWorker.java:96)
at org.testng.TestNG.runSuitesSequentially(TestNG.java:1212)
at org.testng.TestNG.runSuitesLocally(TestNG.java:1134)
at org.testng.TestNG.runSuites(TestNG.java:1063)
at org.testng.TestNG.run(TestNG.java:1031)
at org.apache.maven.surefire.testng.TestNGExecutor.run(TestNGExecutor.java:135)
at org.apache.maven.surefire.testng.TestNGDirectoryTestSuite.executeMulti(TestNGDirectoryTestSuite.java:193)
at org.apache.maven.surefire.testng.TestNGDirectoryTestSuite.execute(TestNGDirectoryTestSuite.java:94)
at org.apache.maven.surefire.testng.TestNGProvider.invoke(TestNGProvider.java:146)
at org.apache.maven.surefire.booter.ForkedBooter.invokeProviderInSameClassLoader(ForkedBooter.java:384)
at org.apache.maven.surefire.booter.ForkedBooter.runSuitesInProcess(ForkedBooter.java:345)
at org.apache.maven.surefire.booter.ForkedBooter.execute(ForkedBooter.java:126)
at org.apache.maven.surefire.booter.ForkedBooter.main(ForkedBooter.java:418)
]]>
            </full-stacktrace>
          </exception> <!-- org.testng.TestNGException -->
          <reporter-output>
          </reporter-output>
        </test-method> <!-- TestSubtractionWith1Positive1NegativeNumbers -->
        <test-method is-config="true" signature="Teardown()[pri:0, instance:QualityKiosksTraining.CalculatorAPI.TestSubtraction@120d6fe6]" started-at="2021-04-24T14:26:09 IST" name="Teardown" finished-at="1970-01-01T05:30:00 IST" duration-ms="-1619254569665" status="SKIP">
          <reporter-output>
          </reporter-output>
        </test-method> <!-- Teardown -->
        <test-method is-config="true" signature="ReInitialise()[pri:0, instance:QualityKiosksTraining.CalculatorAPI.TestSubtraction@120d6fe6]" started-at="2021-04-24T14:26:09 IST" name="ReInitialise" finished-at="1970-01-01T05:30:00 IST" duration-ms="-1619254569665" status="SKIP">
          <reporter-output>
          </reporter-output>
        </test-method> <!-- ReInitialise -->
      </class> <!-- QualityKiosksTraining.CalculatorAPI.TestSubtraction -->
    </test> <!-- Surefire test -->
  </suite> <!-- Surefire suite -->
</testng-results>
